15:58:48 **** Incremental Build of configuration Release for project EgtProject ****
make all 
make: Nothing to be done for 'all'.

15:58:49 Build Finished. 0 errors, 0 warnings. (took 576ms)

15:58:49 **** Incremental Build of configuration Debug for project EgtProject ****
make all 
Building file: ../hybridui.cpp
Invoking: Cross G++ Compiler
arm-buildroot-linux-gnueabihf-g++ -std=c++17 -Ipthread -O0 -g3 -Wall -c -fmessage-length=0 `pkg-config libegt --cflags` -MMD -MP -MF"hybridui.d" -MT"hybridui.o" -o "hybridui.o" "../hybridui.cpp"
arm-buildroot-linux-gnueabihf-g++: WARNING: unsafe header/library path used in cross-compilation: '-I/usr/local/include'
arm-buildroot-linux-gnueabihf-g++: WARNING: unsafe header/library path used in cross-compilation: '-I/usr/include/gstreamer-1.0'
arm-buildroot-linux-gnueabihf-g++: WARNING: unsafe header/library path used in cross-compilation: '-I/usr/include/orc-0.4'
arm-buildroot-linux-gnueabihf-g++: WARNING: unsafe header/library path used in cross-compilation: '-I/usr/include/gstreamer-1.0'
arm-buildroot-linux-gnueabihf-g++: WARNING: unsafe header/library path used in cross-compilation: '-I/usr/include/lua5.3'
arm-buildroot-linux-gnueabihf-g++: WARNING: unsafe header/library path used in cross-compilation: '-I/usr/include/plplot'
arm-buildroot-linux-gnueabihf-g++: WARNING: unsafe header/library path used in cross-compilation: '-I/usr/include/x86_64-linux-gnu'
arm-buildroot-linux-gnueabihf-g++: WARNING: unsafe header/library path used in cross-compilation: '-I/usr/include/librsvg-2.0'
arm-buildroot-linux-gnueabihf-g++: WARNING: unsafe header/library path used in cross-compilation: '-I/usr/include/gdk-pixbuf-2.0'
arm-buildroot-linux-gnueabihf-g++: WARNING: unsafe header/library path used in cross-compilation: '-I/usr/include/libmount'
arm-buildroot-linux-gnueabihf-g++: WARNING: unsafe header/library path used in cross-compilation: '-I/usr/include/blkid'
arm-buildroot-linux-gnueabihf-g++: WARNING: unsafe header/library path used in cross-compilation: '-I/usr/include/cairo'
arm-buildroot-linux-gnueabihf-g++: WARNING: unsafe header/library path used in cross-compilation: '-I/usr/include/glib-2.0'
arm-buildroot-linux-gnueabihf-g++: WARNING: unsafe header/library path used in cross-compilation: '-I/usr/lib/x86_64-linux-gnu/glib-2.0/include'
arm-buildroot-linux-gnueabihf-g++: WARNING: unsafe header/library path used in cross-compilation: '-I/usr/include/pixman-1'
arm-buildroot-linux-gnueabihf-g++: WARNING: unsafe header/library path used in cross-compilation: '-I/usr/include/uuid'
arm-buildroot-linux-gnueabihf-g++: WARNING: unsafe header/library path used in cross-compilation: '-I/usr/include/freetype2'
arm-buildroot-linux-gnueabihf-g++: WARNING: unsafe header/library path used in cross-compilation: '-I/usr/include/libpng16'
arm-buildroot-linux-gnueabihf-g++.br_real: fatal error: cannot execute ‘cc1plus’: execvp: No such file or directory
compilation terminated.
make: *** [subdir.mk:20: hybridui.o] Error 1
"make all" terminated with exit code 2. Build might be incomplete.
